2025-04-01 20:39:29,382 - INFO - Fetched page 1 with 100 jobs
2025-04-01 20:39:31,314 - INFO - Fetched page 2 with 100 jobs
2025-04-01 20:39:33,403 - INFO - Fetched page 3 with 100 jobs
2025-04-01 20:39:35,444 - INFO - Fetched page 4 with 100 jobs
2025-04-01 20:39:37,514 - INFO - Fetched page 5 with 100 jobs
2025-04-01 20:39:39,565 - INFO - Fetched page 6 with 100 jobs
2025-04-01 20:39:41,614 - INFO - Fetched page 7 with 100 jobs
2025-04-01 20:39:43,797 - INFO - Fetched page 8 with 100 jobs
2025-04-01 20:39:45,853 - INFO - Fetched page 9 with 100 jobs
2025-04-01 20:39:47,948 - INFO - Fetched page 10 with 100 jobs
2025-04-01 20:39:50,018 - INFO - Fetched page 11 with 100 jobs
2025-04-01 20:39:52,497 - INFO - Fetched page 12 with 65 jobs
2025-04-01 20:39:53,742 - INFO - No more data available
2025-04-01 20:39:53,765 - INFO - Data validation passed
2025-04-01 20:39:53,790 - INFO - Data saved to jobs.csv with 1165 rows
2025-04-01 20:39:53,790 - INFO - Starting data analysis
2025-04-01 20:39:53,873 - INFO - Saved jobs_by_day.png
2025-04-01 20:39:53,997 - INFO - Saved technician_workload.png
2025-04-01 20:39:53,997 - INFO - Data analysis completed successfully
2025-04-01 20:55:18,993 - INFO - Fetched page 1 with 100 jobs
2025-04-01 20:55:20,698 - INFO - Fetched page 2 with 100 jobs
2025-04-01 20:55:22,469 - INFO - Fetched page 3 with 100 jobs
2025-04-01 20:55:24,413 - INFO - Fetched page 4 with 100 jobs
2025-04-01 20:55:26,251 - INFO - Fetched page 5 with 100 jobs
2025-04-01 20:55:28,115 - INFO - Fetched page 6 with 100 jobs
2025-04-01 20:55:29,975 - INFO - Fetched page 7 with 100 jobs
2025-04-01 20:55:31,743 - INFO - Fetched page 8 with 100 jobs
2025-04-01 20:55:33,500 - INFO - Fetched page 9 with 100 jobs
2025-04-01 20:55:35,372 - INFO - Fetched page 10 with 100 jobs
2025-04-01 20:55:37,092 - INFO - Fetched page 11 with 100 jobs
2025-04-01 20:55:38,745 - INFO - Fetched page 12 with 65 jobs
2025-04-01 20:55:39,968 - INFO - No more data available
2025-04-01 20:55:39,988 - INFO - Data validation passed
2025-04-01 20:55:40,011 - INFO - Data saved to jobs.csv with 1165 rows
2025-04-01 20:55:40,011 - INFO - Starting data analysis
2025-04-01 20:55:40,086 - INFO - Saved jobs_by_day.png
2025-04-01 20:55:40,200 - INFO - Saved technician_workload.png
2025-04-01 20:55:40,200 - INFO - Data analysis completed successfully
2025-04-01 21:02:51,188 - INFO - Fetched page 1 with 100 jobs
2025-04-01 21:02:53,049 - INFO - Fetched page 2 with 100 jobs
2025-04-01 21:02:54,878 - INFO - Fetched page 3 with 100 jobs
2025-04-01 21:02:56,658 - INFO - Fetched page 4 with 100 jobs
2025-04-01 21:02:58,448 - INFO - Fetched page 5 with 100 jobs
2025-04-01 21:03:00,216 - INFO - Fetched page 6 with 100 jobs
2025-04-01 21:03:01,984 - INFO - Fetched page 7 with 100 jobs
2025-04-01 21:03:04,023 - INFO - Fetched page 8 with 100 jobs
2025-04-01 21:03:05,806 - INFO - Fetched page 9 with 100 jobs
2025-04-01 21:03:08,097 - INFO - Fetched page 10 with 100 jobs
2025-04-01 21:03:10,118 - INFO - Fetched page 11 with 100 jobs
2025-04-01 21:03:11,842 - INFO - Fetched page 12 with 65 jobs
2025-04-01 21:03:13,023 - INFO - No more data available
2025-04-01 21:03:13,043 - INFO - Data validation passed
2025-04-01 21:03:13,066 - INFO - Data saved to jobs.csv with 1165 rows
2025-04-01 21:03:13,066 - INFO - Starting data analysis
2025-04-01 21:03:13,461 - INFO - Saved jobs_by_day.png
2025-04-01 21:03:14,067 - INFO - Saved technician_workload.png
2025-04-01 21:03:14,067 - INFO - Data analysis completed successfully
2025-04-02 01:56:42,374 - INFO - Fetched page 1 with 100 jobs
2025-04-02 01:56:44,440 - INFO - Fetched page 2 with 100 jobs
2025-04-02 01:56:46,492 - INFO - Fetched page 3 with 100 jobs
2025-04-02 01:56:48,552 - INFO - Fetched page 4 with 100 jobs
2025-04-02 01:56:50,607 - INFO - Fetched page 5 with 100 jobs
2025-04-02 01:56:52,685 - INFO - Fetched page 6 with 100 jobs
2025-04-02 01:56:54,773 - INFO - Fetched page 7 with 100 jobs
2025-04-02 01:56:56,840 - INFO - Fetched page 8 with 100 jobs
2025-04-02 01:56:58,900 - INFO - Fetched page 9 with 100 jobs
2025-04-02 01:57:00,806 - INFO - Fetched page 10 with 100 jobs
2025-04-02 01:57:02,865 - INFO - Fetched page 11 with 100 jobs
2025-04-02 01:57:04,960 - INFO - Fetched page 12 with 82 jobs
2025-04-02 01:57:06,189 - INFO - No more data available
2025-04-02 01:57:06,210 - INFO - Data validation passed
2025-04-02 01:57:06,233 - INFO - Data saved to jobs.csv with 1182 rows
2025-04-02 01:57:06,233 - INFO - Starting data analysis
2025-04-02 01:57:06,653 - INFO - Saved jobs_by_day.png
2025-04-02 01:57:07,269 - INFO - Saved technician_workload.png
2025-04-02 01:57:07,269 - INFO - Data analysis completed successfully
2025-04-03 01:55:11,990 - INFO - Fetched page 1 with 100 jobs
2025-04-03 01:55:13,853 - INFO - Fetched page 2 with 100 jobs
2025-04-03 01:55:15,652 - INFO - Fetched page 3 with 100 jobs
2025-04-03 01:55:17,639 - INFO - Fetched page 4 with 100 jobs
2025-04-03 01:55:19,432 - INFO - Fetched page 5 with 100 jobs
2025-04-03 01:55:21,246 - INFO - Fetched page 6 with 100 jobs
2025-04-03 01:55:23,038 - INFO - Fetched page 7 with 100 jobs
2025-04-03 01:55:24,799 - INFO - Fetched page 8 with 100 jobs
2025-04-03 01:55:26,591 - INFO - Fetched page 9 with 100 jobs
2025-04-03 01:55:28,360 - INFO - Fetched page 10 with 100 jobs
2025-04-03 01:55:30,147 - INFO - Fetched page 11 with 100 jobs
2025-04-03 01:55:31,851 - INFO - Fetched page 12 with 94 jobs
2025-04-03 01:55:33,051 - INFO - No more data available
2025-04-03 01:55:33,072 - INFO - Data validation passed
2025-04-03 01:55:33,096 - INFO - Data saved to jobs.csv with 1194 rows
2025-04-03 01:55:33,096 - INFO - Starting data analysis
2025-04-03 01:55:33,489 - INFO - Saved jobs_by_day.png
2025-04-03 01:55:34,107 - INFO - Saved technician_workload.png
2025-04-03 01:55:34,107 - INFO - Data analysis completed successfully
2025-04-04 01:55:11,314 - INFO - Fetched page 1 with 100 jobs
2025-04-04 01:55:13,222 - INFO - Fetched page 2 with 100 jobs
2025-04-04 01:55:15,284 - INFO - Fetched page 3 with 100 jobs
2025-04-04 01:55:17,307 - INFO - Fetched page 4 with 100 jobs
2025-04-04 01:55:19,357 - INFO - Fetched page 5 with 100 jobs
2025-04-04 01:55:21,433 - INFO - Fetched page 6 with 100 jobs
2025-04-04 01:55:23,459 - INFO - Fetched page 7 with 100 jobs
2025-04-04 01:55:25,357 - INFO - Fetched page 8 with 100 jobs
2025-04-04 01:55:27,255 - INFO - Fetched page 9 with 100 jobs
2025-04-04 01:55:29,166 - INFO - Fetched page 10 with 100 jobs
2025-04-04 01:55:31,195 - INFO - Fetched page 11 with 100 jobs
2025-04-04 01:55:33,100 - INFO - Fetched page 12 with 100 jobs
2025-04-04 01:55:34,604 - INFO - Fetched page 13 with 10 jobs
2025-04-04 01:55:35,898 - INFO - No more data available
2025-04-04 01:55:35,920 - INFO - Data validation passed
2025-04-04 01:55:35,944 - INFO - Data saved to jobs.csv with 1210 rows
2025-04-04 01:55:35,944 - INFO - Starting data analysis
2025-04-04 01:55:36,347 - INFO - Saved jobs_by_day.png
2025-04-04 01:55:36,958 - INFO - Saved technician_workload.png
2025-04-04 01:55:36,958 - INFO - Data analysis completed successfully
2025-04-05 01:53:38,546 - INFO - Fetched page 1 with 100 jobs
2025-04-05 01:53:40,565 - INFO - Fetched page 2 with 100 jobs
2025-04-05 01:53:42,695 - INFO - Fetched page 3 with 100 jobs
2025-04-05 01:53:44,728 - INFO - Fetched page 4 with 100 jobs
2025-04-05 01:53:46,760 - INFO - Fetched page 5 with 100 jobs
2025-04-05 01:53:48,770 - INFO - Fetched page 6 with 100 jobs
2025-04-05 01:53:50,799 - INFO - Fetched page 7 with 100 jobs
2025-04-05 01:53:52,687 - INFO - Fetched page 8 with 100 jobs
2025-04-05 01:53:54,717 - INFO - Fetched page 9 with 100 jobs
2025-04-05 01:53:56,743 - INFO - Fetched page 10 with 100 jobs
2025-04-05 01:53:58,784 - INFO - Fetched page 11 with 100 jobs
2025-04-05 01:54:00,846 - INFO - Fetched page 12 with 100 jobs
2025-04-05 01:54:02,328 - INFO - Fetched page 13 with 17 jobs
2025-04-05 01:54:03,578 - INFO - No more data available
2025-04-05 01:54:03,599 - INFO - Data validation passed
2025-04-05 01:54:03,623 - INFO - Data saved to jobs.csv with 1217 rows
2025-04-05 01:54:03,623 - INFO - Starting data analysis
2025-04-05 01:54:04,016 - INFO - Saved jobs_by_day.png
2025-04-05 01:54:04,628 - INFO - Saved technician_workload.png
2025-04-05 01:54:04,628 - INFO - Data analysis completed successfully
2025-04-06 14:27:33,381 - ERROR - API call failed: HTTPSConnectionPool(host='https', port=443): Max retries exceeded with url: /ws.synchroteam.com/Api/v3/job/list?dateFrom=2025-01-01+00%3A00%3A00&dateTo=2025-04-06&pageSize=100&page=1 (Caused by NameResolutionError("<urllib3.connection.HTTPSConnection object at 0x7b56afcd2f00>: Failed to resolve 'https' ([Errno -2] Name or service not known)"))
2025-04-06 14:33:27,417 - ERROR - API call failed: HTTPSConnectionPool(host='https', port=443): Max retries exceeded with url: /ws.synchroteam.com/Api/v3/job/list?dateFrom=2025-01-01+00%3A00%3A00&dateTo=2025-04-06&pageSize=100&page=1 (Caused by NameResolutionError("<urllib3.connection.HTTPSConnection object at 0x7e77cb866b70>: Failed to resolve 'https' ([Errno -2] Name or service not known)"))
2025-04-06 14:33:27,417 - ERROR - Connection error: HTTPSConnectionPool(host='https', port=443): Max retries exceeded with url: /ws.synchroteam.com/Api/v3/job/list?dateFrom=2025-01-01+00%3A00%3A00&dateTo=2025-04-06&pageSize=100&page=1 (Caused by NameResolutionError("<urllib3.connection.HTTPSConnection object at 0x7e77cb866b70>: Failed to resolve 'https' ([Errno -2] Name or service not known)"))
2025-04-06 14:48:37,110 - ERROR - API call failed: HTTPSConnectionPool(host='https', port=443): Max retries exceeded with url: /ws.synchroteam.com/Api/v3/job/list?dateFrom=2025-01-01+00%3A00%3A00&dateTo=2025-04-06&pageSize=100&page=1 (Caused by NameResolutionError("<urllib3.connection.HTTPSConnection object at 0x76cc28c14bc0>: Failed to resolve 'https' ([Errno -2] Name or service not known)"))
2025-04-06 14:48:37,110 - ERROR - Connection error: HTTPSConnectionPool(host='https', port=443): Max retries exceeded with url: /ws.synchroteam.com/Api/v3/job/list?dateFrom=2025-01-01+00%3A00%3A00&dateTo=2025-04-06&pageSize=100&page=1 (Caused by NameResolutionError("<urllib3.connection.HTTPSConnection object at 0x76cc28c14bc0>: Failed to resolve 'https' ([Errno -2] Name or service not known)"))
2025-04-06 14:48:37,110 - WARNING - No jobs were fetched. Please check the API or parameters.
2025-04-06 14:51:29,194 - ERROR - API call failed: HTTPSConnectionPool(host='https', port=443): Max retries exceeded with url: /ws.synchroteam.com/Api/v3/job/list?dateFrom=2025-01-01+00%3A00%3A00&dateTo=2025-04-06&pageSize=100&page=1 (Caused by NameResolutionError("<urllib3.connection.HTTPSConnection object at 0x70076e2513a0>: Failed to resolve 'https' ([Errno -2] Name or service not known)"))
2025-04-06 14:51:29,194 - ERROR - Connection error: HTTPSConnectionPool(host='https', port=443): Max retries exceeded with url: /ws.synchroteam.com/Api/v3/job/list?dateFrom=2025-01-01+00%3A00%3A00&dateTo=2025-04-06&pageSize=100&page=1 (Caused by NameResolutionError("<urllib3.connection.HTTPSConnection object at 0x70076e2513a0>: Failed to resolve 'https' ([Errno -2] Name or service not known)"))
2025-04-06 14:51:29,194 - WARNING - No jobs were fetched. Please check the API or parameters.
2025-04-06 15:03:20,574 - ERROR - Connection error: HTTPSConnectionPool(host='https', port=443): Max retries exceeded with url: /ws.synchroteam.com/Api/v3/job/list?dateFrom=2025-01-01+00%3A00%3A00&dateTo=2025-04-06&pageSize=100&page=1 (Caused by NameResolutionError("<urllib3.connection.HTTPSConnection object at 0x77521c6dfbf0>: Failed to resolve 'https' ([Errno -2] Name or service not known)"))
2025-04-06 15:03:20,574 - WARNING - No jobs were fetched. Please check the API or parameters.
2025-04-06 15:03:20,575 - ERROR - No data received from the API
2025-04-06 15:36:45,862 - ERROR - Connection error: HTTPSConnectionPool(host='https', port=443): Max retries exceeded with url: /ws.synchroteam.com/Api/v3/job/list?dateFrom=2025-01-01+00%3A00%3A00&dateTo=2025-04-06&pageSize=100&page=1 (Caused by NameResolutionError("<urllib3.connection.HTTPSConnection object at 0x72a0193ae2d0>: Failed to resolve 'https' ([Errno -2] Name or service not known)"))
2025-04-06 15:36:45,862 - WARNING - No jobs were fetched. Please check the API or parameters.
2025-04-06 15:36:45,862 - ERROR - No data received from the API
2025-04-06 15:41:27,903 - INFO - Loaded API_URL from .env: https://https://ws.synchroteam.com/Api/v3
2025-04-06 15:41:27,903 - INFO - Initialized SynchroteamAPI with base_url: https://https://ws.synchroteam.com/Api/v3
2025-04-06 15:41:27,903 - INFO - Starting API data fetch
2025-04-06 15:41:27,903 - INFO - Making GET request to https://https://ws.synchroteam.com/Api/v3/job/list with params {'dateFrom': '2025-01-01 00:00:00', 'dateTo': '2025-04-06', 'pageSize': 100, 'page': 1}
2025-04-06 15:41:27,927 - ERROR - Connection error on page 1: HTTPSConnectionPool(host='https', port=443): Max retries exceeded with url: /ws.synchroteam.com/Api/v3/job/list?dateFrom=2025-01-01+00%3A00%3A00&dateTo=2025-04-06&pageSize=100&page=1 (Caused by NameResolutionError("<urllib3.connection.HTTPSConnection object at 0x7dca9b765e50>: Failed to resolve 'https' ([Errno -2] Name or service not known)"))
2025-04-06 15:41:27,927 - ERROR - Failed URL: https://https//ws.synchroteam.com/Api/v3/job/list?dateFrom=2025-01-01+00%3A00%3A00&dateTo=2025-04-06&pageSize=100&page=1
2025-04-06 15:41:27,927 - WARNING - No jobs fetched. Check API credentials, URL, or parameters.
2025-04-06 15:43:06,485 - INFO - Loaded API_URL from .env: https://https://ws.synchroteam.com/Api/v3
2025-04-06 15:43:06,485 - INFO - Initialized SynchroteamAPI with base_url: https://https://ws.synchroteam.com/Api/v3
2025-04-06 15:43:06,485 - INFO - Starting API data fetch
2025-04-06 15:43:06,485 - INFO - Making GET request to https://https://ws.synchroteam.com/Api/v3/https://ws.synchroteam.com/job/list with params {'dateFrom': '2025-01-01 00:00:00', 'dateTo': '2025-04-06', 'pageSize': 100, 'page': 1}
2025-04-06 15:43:06,516 - ERROR - Connection error on page 1: HTTPSConnectionPool(host='https', port=443): Max retries exceeded with url: /ws.synchroteam.com/Api/v3/https://ws.synchroteam.com/job/list?dateFrom=2025-01-01+00%3A00%3A00&dateTo=2025-04-06&pageSize=100&page=1 (Caused by NameResolutionError("<urllib3.connection.HTTPSConnection object at 0x7b1c54368aa0>: Failed to resolve 'https' ([Errno -2] Name or service not known)"))
2025-04-06 15:43:06,516 - ERROR - Failed URL: https://https//ws.synchroteam.com/Api/v3/https://ws.synchroteam.com/job/list?dateFrom=2025-01-01+00%3A00%3A00&dateTo=2025-04-06&pageSize=100&page=1
2025-04-06 15:43:06,516 - WARNING - No jobs fetched. Check API credentials, URL, or parameters.
2025-04-06 15:47:36,387 - INFO - Loaded API_URL from .env: https://https://ws.synchroteam.com/Api/v3
2025-04-06 15:47:36,387 - INFO - Initialized SynchroteamAPI with base_url: https://https://ws.synchroteam.com/Api/v3
2025-04-06 15:47:36,387 - INFO - Starting API data fetch
2025-04-06 15:47:36,387 - INFO - Making GET request to https://https://ws.synchroteam.com/Api/v3 with params {'dateFrom': '2025-01-01 00:00:00', 'dateTo': '2025-04-06', 'pageSize': 100, 'page': 1}
2025-04-06 15:47:36,412 - ERROR - Connection error on page 1: HTTPSConnectionPool(host='https', port=443): Max retries exceeded with url: /ws.synchroteam.com/Api/v3?dateFrom=2025-01-01+00%3A00%3A00&dateTo=2025-04-06&pageSize=100&page=1 (Caused by NameResolutionError("<urllib3.connection.HTTPSConnection object at 0x717d244c4860>: Failed to resolve 'https' ([Errno -2] Name or service not known)"))
2025-04-06 15:47:36,412 - ERROR - Failed URL: https://https//ws.synchroteam.com/Api/v3?dateFrom=2025-01-01+00%3A00%3A00&dateTo=2025-04-06&pageSize=100&page=1
2025-04-06 15:47:36,412 - WARNING - No jobs fetched. Check API credentials, URL, or parameters.
2025-04-06 15:56:20,652 - INFO - Loaded API_URL from .env: https://https://ws.synchroteam.com/Api/v3
2025-04-06 15:56:20,652 - INFO - Initialized SynchroteamAPI with base_url: https://https://ws.synchroteam.com/Api/v3
2025-04-06 15:56:20,652 - INFO - Starting API data fetch
2025-04-06 15:56:20,652 - INFO - Making GET request to https://https://ws.synchroteam.com/Api/v3/job/list with params {'dateFrom': '2025-01-01 00:00:00', 'dateTo': '2025-04-06', 'pageSize': 100, 'page': 1}
2025-04-06 15:56:20,670 - ERROR - Connection error on page 1: HTTPSConnectionPool(host='https', port=443): Max retries exceeded with url: /ws.synchroteam.com/Api/v3/job/list?dateFrom=2025-01-01+00%3A00%3A00&dateTo=2025-04-06&pageSize=100&page=1 (Caused by NameResolutionError("<urllib3.connection.HTTPSConnection object at 0x7f97c9d71730>: Failed to resolve 'https' ([Errno -2] Name or service not known)"))
2025-04-06 15:56:20,670 - WARNING - No jobs fetched. Check API credentials, URL, or parameters.
2025-04-06 15:57:32,217 - INFO - Loaded API_URL from .env: https://ws.synchroteam.com/v3
2025-04-06 15:57:32,217 - INFO - Initialized SynchroteamAPI with base_url: https://ws.synchroteam.com/v3
2025-04-06 15:57:32,217 - INFO - Starting API data fetch
2025-04-06 15:57:32,217 - INFO - Making GET request to https://ws.synchroteam.com/v3/job/list with params {'dateFrom': '2025-01-01 00:00:00', 'dateTo': '2025-04-06', 'pageSize': 100, 'page': 1}
2025-04-06 15:57:34,755 - ERROR - Unexpected error: Expecting value: line 1 column 1 (char 0)
2025-04-06 15:57:34,756 - WARNING - No jobs fetched. Check API credentials, URL, or parameters.
2025-04-06 17:13:12,547 - INFO - Initialized SynchroteamAPI with base_url: https://ws.synchroteam.com/v3
2025-04-06 17:13:12,567 - WARNING -  * Debugger is active!
2025-04-06 17:13:12,569 - INFO -  * Debugger PIN: 127-418-466
2025-04-06 17:13:27,773 - INFO - Initialized SynchroteamAPI with base_url: https://ws.synchroteam.com/v3
2025-04-06 17:13:27,793 - INFO - [31m[1mWARNING: This is a development server. Do not use it in a production deployment. Use a production WSGI server instead.[0m
 * Running on http://127.0.0.1:5000
2025-04-06 17:13:27,793 - INFO - [33mPress CTRL+C to quit[0m
2025-04-06 17:13:27,794 - INFO -  * Restarting with stat
2025-04-06 17:13:28,120 - INFO - Initialized SynchroteamAPI with base_url: https://ws.synchroteam.com/v3
2025-04-06 17:13:28,134 - WARNING -  * Debugger is active!
2025-04-06 17:13:28,137 - INFO -  * Debugger PIN: 127-418-466
